<?xml version="1.0" encoding="UTF-8"?>
<testng-results ignored="0" total="20" passed="20" failed="0" skipped="0">
  <reporter-output>
  </reporter-output>
  <suite started-at="2024-11-05T19:55:39 UTC" name="FlightReservationMainSuite" finished-at="2024-11-05T19:56:02 UTC" duration-ms="22981">
    <groups>
    </groups>
    <test started-at="2024-11-05T19:55:39 UTC" name="user-passenger-1" finished-at="2024-11-05T19:55:50 UTC" duration-ms="10844">
      <class name="tests.Amine.tests.FlightReservationTest">
        <test-method is-config="true" signature="setUp(org.testng.ITestContext)[pri:0, instance:tests.Amine.tests.FlightReservationTest@4f3bbf68]" started-at="2024-11-05T19:55:39 UTC" name="setUp" finished-at="2024-11-05T19:55:42 UTC" duration-ms="3275" status="PASS">
          <params>
            <param index="0">
              <value>
                <![CDATA[org.testng.TestRunner@331acdad]]>
              </value>
            </param>
          </params>
          <reporter-output>
          </reporter-output>
        </test-method> <!-- setUp -->
        <test-method is-config="true" signature="setUpObjects(java.lang.String)[pri:0, instance:tests.Amine.tests.FlightReservationTest@4f3bbf68]" started-at="2024-11-05T19:55:42 UTC" name="setUpObjects" finished-at="2024-11-05T19:55:42 UTC" depends-on-methods="com.Amine.Abstract.AbstractTest.setUp" duration-ms="196" status="PASS">
          <params>
            <param index="0">
              <value>
                <![CDATA[test-data/flight-reservation/passenger-1.json]]>
              </value>
            </param>
          </params>
          <reporter-output>
          </reporter-output>
        </test-method> <!-- setUpObjects -->
        <test-method signature="userRegistrationTest()[pri:0, instance:tests.Amine.tests.FlightReservationTest@4f3bbf68]" started-at="2024-11-05T19:55:42 UTC" name="userRegistrationTest" finished-at="2024-11-05T19:55:44 UTC" duration-ms="1896" status="PASS">
          <reporter-output>
          </reporter-output>
        </test-method> <!-- userRegistrationTest -->
        <test-method signature="registrationConfirmationTest()[pri:0, instance:tests.Amine.tests.FlightReservationTest@4f3bbf68]" started-at="2024-11-05T19:55:44 UTC" name="registrationConfirmationTest" finished-at="2024-11-05T19:55:45 UTC" depends-on-methods="tests.Amine.tests.FlightReservationTest.userRegistrationTest" duration-ms="669" status="PASS">
          <reporter-output>
          </reporter-output>
        </test-method> <!-- registrationConfirmationTest -->
        <test-method signature="flightSearchTest()[pri:0, instance:tests.Amine.tests.FlightReservationTest@4f3bbf68]" started-at="2024-11-05T19:55:45 UTC" name="flightSearchTest" finished-at="2024-11-05T19:55:46 UTC" depends-on-methods="tests.Amine.tests.FlightReservationTest.registrationConfirmationTest" duration-ms="1083" status="PASS">
          <reporter-output>
          </reporter-output>
        </test-method> <!-- flightSearchTest -->
        <test-method signature="flightSelectionTest()[pri:0, instance:tests.Amine.tests.FlightReservationTest@4f3bbf68]" started-at="2024-11-05T19:55:46 UTC" name="flightSelectionTest" finished-at="2024-11-05T19:55:48 UTC" depends-on-methods="tests.Amine.tests.FlightReservationTest.flightSearchTest" duration-ms="1840" status="PASS">
          <reporter-output>
          </reporter-output>
        </test-method> <!-- flightSelectionTest -->
        <test-method signature="reservationTest()[pri:0, instance:tests.Amine.tests.FlightReservationTest@4f3bbf68]" started-at="2024-11-05T19:55:48 UTC" name="reservationTest" finished-at="2024-11-05T19:55:50 UTC" depends-on-methods="tests.Amine.tests.FlightReservationTest.flightSelectionTest" duration-ms="1772" status="PASS">
          <reporter-output>
          </reporter-output>
        </test-method> <!-- reservationTest -->
        <test-method is-config="true" signature="tearDown()[pri:0, instance:tests.Amine.tests.FlightReservationTest@4f3bbf68]" started-at="2024-11-05T19:55:50 UTC" name="tearDown" finished-at="2024-11-05T19:55:50 UTC" duration-ms="91" status="PASS">
          <reporter-output>
          </reporter-output>
        </test-method> <!-- tearDown -->
      </class> <!-- tests.Amine.tests.FlightReservationTest -->
    </test> <!-- user-passenger-1 -->
    <test started-at="2024-11-05T19:55:39 UTC" name="user-passenger-2" finished-at="2024-11-05T19:55:50 UTC" duration-ms="11424">
      <class name="tests.Amine.tests.FlightReservationTest">
        <test-method is-config="true" signature="setUp(org.testng.ITestContext)[pri:0, instance:tests.Amine.tests.FlightReservationTest@c9d0d6]" started-at="2024-11-05T19:55:39 UTC" name="setUp" finished-at="2024-11-05T19:55:42 UTC" duration-ms="3275" status="PASS">
          <params>
            <param index="0">
              <value>
                <![CDATA[org.testng.TestRunner@41d426b5]]>
              </value>
            </param>
          </params>
          <reporter-output>
          </reporter-output>
        </test-method> <!-- setUp -->
        <test-method is-config="true" signature="setUpObjects(java.lang.String)[pri:0, instance:tests.Amine.tests.FlightReservationTest@c9d0d6]" started-at="2024-11-05T19:55:42 UTC" name="setUpObjects" finished-at="2024-11-05T19:55:42 UTC" depends-on-methods="com.Amine.Abstract.AbstractTest.setUp" duration-ms="196" status="PASS">
          <params>
            <param index="0">
              <value>
                <![CDATA[test-data/flight-reservation/passenger-2.json]]>
              </value>
            </param>
          </params>
          <reporter-output>
          </reporter-output>
        </test-method> <!-- setUpObjects -->
        <test-method signature="userRegistrationTest()[pri:0, instance:tests.Amine.tests.FlightReservationTest@c9d0d6]" started-at="2024-11-05T19:55:42 UTC" name="userRegistrationTest" finished-at="2024-11-05T19:55:44 UTC" duration-ms="1881" status="PASS">
          <reporter-output>
          </reporter-output>
        </test-method> <!-- userRegistrationTest -->
        <test-method signature="registrationConfirmationTest()[pri:0, instance:tests.Amine.tests.FlightReservationTest@c9d0d6]" started-at="2024-11-05T19:55:44 UTC" name="registrationConfirmationTest" finished-at="2024-11-05T19:55:45 UTC" depends-on-methods="tests.Amine.tests.FlightReservationTest.userRegistrationTest" duration-ms="671" status="PASS">
          <reporter-output>
          </reporter-output>
        </test-method> <!-- registrationConfirmationTest -->
        <test-method signature="flightSearchTest()[pri:0, instance:tests.Amine.tests.FlightReservationTest@c9d0d6]" started-at="2024-11-05T19:55:45 UTC" name="flightSearchTest" finished-at="2024-11-05T19:55:47 UTC" depends-on-methods="tests.Amine.tests.FlightReservationTest.registrationConfirmationTest" duration-ms="2137" status="PASS">
          <reporter-output>
          </reporter-output>
        </test-method> <!-- flightSearchTest -->
        <test-method signature="flightSelectionTest()[pri:0, instance:tests.Amine.tests.FlightReservationTest@c9d0d6]" started-at="2024-11-05T19:55:47 UTC" name="flightSelectionTest" finished-at="2024-11-05T19:55:48 UTC" depends-on-methods="tests.Amine.tests.FlightReservationTest.flightSearchTest" duration-ms="783" status="PASS">
          <reporter-output>
          </reporter-output>
        </test-method> <!-- flightSelectionTest -->
        <test-method signature="reservationTest()[pri:0, instance:tests.Amine.tests.FlightReservationTest@c9d0d6]" started-at="2024-11-05T19:55:48 UTC" name="reservationTest" finished-at="2024-11-05T19:55:50 UTC" depends-on-methods="tests.Amine.tests.FlightReservationTest.flightSelectionTest" duration-ms="2310" status="PASS">
          <reporter-output>
          </reporter-output>
        </test-method> <!-- reservationTest -->
        <test-method is-config="true" signature="tearDown()[pri:0, instance:tests.Amine.tests.FlightReservationTest@c9d0d6]" started-at="2024-11-05T19:55:50 UTC" name="tearDown" finished-at="2024-11-05T19:55:50 UTC" duration-ms="143" status="PASS">
          <reporter-output>
          </reporter-output>
        </test-method> <!-- tearDown -->
      </class> <!-- tests.Amine.tests.FlightReservationTest -->
    </test> <!-- user-passenger-2 -->
    <test started-at="2024-11-05T19:55:50 UTC" name="user-passenger-3" finished-at="2024-11-05T19:56:00 UTC" duration-ms="10038">
      <class name="tests.Amine.tests.FlightReservationTest">
        <test-method is-config="true" signature="setUp(org.testng.ITestContext)[pri:0, instance:tests.Amine.tests.FlightReservationTest@3adcc812]" started-at="2024-11-05T19:55:50 UTC" name="setUp" finished-at="2024-11-05T19:55:50 UTC" duration-ms="627" status="PASS">
          <params>
            <param index="0">
              <value>
                <![CDATA[org.testng.TestRunner@8dbfffb]]>
              </value>
            </param>
          </params>
          <reporter-output>
          </reporter-output>
        </test-method> <!-- setUp -->
        <test-method is-config="true" signature="setUpObjects(java.lang.String)[pri:0, instance:tests.Amine.tests.FlightReservationTest@3adcc812]" started-at="2024-11-05T19:55:50 UTC" name="setUpObjects" finished-at="2024-11-05T19:55:50 UTC" depends-on-methods="com.Amine.Abstract.AbstractTest.setUp" duration-ms="4" status="PASS">
          <params>
            <param index="0">
              <value>
                <![CDATA[test-data/flight-reservation/passenger-3.json]]>
              </value>
            </param>
          </params>
          <reporter-output>
          </reporter-output>
        </test-method> <!-- setUpObjects -->
        <test-method signature="userRegistrationTest()[pri:0, instance:tests.Amine.tests.FlightReservationTest@3adcc812]" started-at="2024-11-05T19:55:50 UTC" name="userRegistrationTest" finished-at="2024-11-05T19:55:53 UTC" duration-ms="2401" status="PASS">
          <reporter-output>
          </reporter-output>
        </test-method> <!-- userRegistrationTest -->
        <test-method signature="registrationConfirmationTest()[pri:0, instance:tests.Amine.tests.FlightReservationTest@3adcc812]" started-at="2024-11-05T19:55:53 UTC" name="registrationConfirmationTest" finished-at="2024-11-05T19:55:55 UTC" depends-on-methods="tests.Amine.tests.FlightReservationTest.userRegistrationTest" duration-ms="1748" status="PASS">
          <reporter-output>
          </reporter-output>
        </test-method> <!-- registrationConfirmationTest -->
        <test-method signature="flightSearchTest()[pri:0, instance:tests.Amine.tests.FlightReservationTest@3adcc812]" started-at="2024-11-05T19:55:55 UTC" name="flightSearchTest" finished-at="2024-11-05T19:55:57 UTC" depends-on-methods="tests.Amine.tests.FlightReservationTest.registrationConfirmationTest" duration-ms="2660" status="PASS">
          <reporter-output>
          </reporter-output>
        </test-method> <!-- flightSearchTest -->
        <test-method signature="flightSelectionTest()[pri:0, instance:tests.Amine.tests.FlightReservationTest@3adcc812]" started-at="2024-11-05T19:55:57 UTC" name="flightSelectionTest" finished-at="2024-11-05T19:55:58 UTC" depends-on-methods="tests.Amine.tests.FlightReservationTest.flightSearchTest" duration-ms="775" status="PASS">
          <reporter-output>
          </reporter-output>
        </test-method> <!-- flightSelectionTest -->
        <test-method signature="reservationTest()[pri:0, instance:tests.Amine.tests.FlightReservationTest@3adcc812]" started-at="2024-11-05T19:55:58 UTC" name="reservationTest" finished-at="2024-11-05T19:56:00 UTC" depends-on-methods="tests.Amine.tests.FlightReservationTest.flightSelectionTest" duration-ms="1743" status="PASS">
          <reporter-output>
          </reporter-output>
        </test-method> <!-- reservationTest -->
        <test-method is-config="true" signature="tearDown()[pri:0, instance:tests.Amine.tests.FlightReservationTest@3adcc812]" started-at="2024-11-05T19:56:00 UTC" name="tearDown" finished-at="2024-11-05T19:56:00 UTC" duration-ms="74" status="PASS">
          <reporter-output>
          </reporter-output>
        </test-method> <!-- tearDown -->
      </class> <!-- tests.Amine.tests.FlightReservationTest -->
    </test> <!-- user-passenger-3 -->
    <test started-at="2024-11-05T19:55:50 UTC" name="user-passenger-4" finished-at="2024-11-05T19:56:02 UTC" duration-ms="11515">
      <class name="tests.Amine.tests.FlightReservationTest">
        <test-method is-config="true" signature="setupConfig()[pri:0, instance:tests.Amine.tests.FlightReservationTest@7a1a14a4]" started-at="2024-11-05T19:55:39 UTC" name="setupConfig" finished-at="2024-11-05T19:55:39 UTC" duration-ms="12" status="PASS">
          <reporter-output>
          </reporter-output>
        </test-method> <!-- setupConfig -->
        <test-method is-config="true" signature="setUp(org.testng.ITestContext)[pri:0, instance:tests.Amine.tests.FlightReservationTest@7a1a14a4]" started-at="2024-11-05T19:55:50 UTC" name="setUp" finished-at="2024-11-05T19:55:51 UTC" duration-ms="605" status="PASS">
          <params>
            <param index="0">
              <value>
                <![CDATA[org.testng.TestRunner@f316aeb]]>
              </value>
            </param>
          </params>
          <reporter-output>
          </reporter-output>
        </test-method> <!-- setUp -->
        <test-method is-config="true" signature="setUpObjects(java.lang.String)[pri:0, instance:tests.Amine.tests.FlightReservationTest@7a1a14a4]" started-at="2024-11-05T19:55:51 UTC" name="setUpObjects" finished-at="2024-11-05T19:55:51 UTC" depends-on-methods="com.Amine.Abstract.AbstractTest.setUp" duration-ms="4" status="PASS">
          <params>
            <param index="0">
              <value>
                <![CDATA[test-data/flight-reservation/passenger-4.json]]>
              </value>
            </param>
          </params>
          <reporter-output>
          </reporter-output>
        </test-method> <!-- setUpObjects -->
        <test-method signature="userRegistrationTest()[pri:0, instance:tests.Amine.tests.FlightReservationTest@7a1a14a4]" started-at="2024-11-05T19:55:51 UTC" name="userRegistrationTest" finished-at="2024-11-05T19:55:54 UTC" duration-ms="2691" status="PASS">
          <reporter-output>
          </reporter-output>
        </test-method> <!-- userRegistrationTest -->
        <test-method signature="registrationConfirmationTest()[pri:0, instance:tests.Amine.tests.FlightReservationTest@7a1a14a4]" started-at="2024-11-05T19:55:54 UTC" name="registrationConfirmationTest" finished-at="2024-11-05T19:55:56 UTC" depends-on-methods="tests.Amine.tests.FlightReservationTest.userRegistrationTest" duration-ms="2253" status="PASS">
          <reporter-output>
          </reporter-output>
        </test-method> <!-- registrationConfirmationTest -->
        <test-method signature="flightSearchTest()[pri:0, instance:tests.Amine.tests.FlightReservationTest@7a1a14a4]" started-at="2024-11-05T19:55:56 UTC" name="flightSearchTest" finished-at="2024-11-05T19:55:59 UTC" depends-on-methods="tests.Amine.tests.FlightReservationTest.registrationConfirmationTest" duration-ms="2705" status="PASS">
          <reporter-output>
          </reporter-output>
        </test-method> <!-- flightSearchTest -->
        <test-method signature="flightSelectionTest()[pri:0, instance:tests.Amine.tests.FlightReservationTest@7a1a14a4]" started-at="2024-11-05T19:55:59 UTC" name="flightSelectionTest" finished-at="2024-11-05T19:56:01 UTC" depends-on-methods="tests.Amine.tests.FlightReservationTest.flightSearchTest" duration-ms="1841" status="PASS">
          <reporter-output>
          </reporter-output>
        </test-method> <!-- flightSelectionTest -->
        <test-method signature="reservationTest()[pri:0, instance:tests.Amine.tests.FlightReservationTest@7a1a14a4]" started-at="2024-11-05T19:56:01 UTC" name="reservationTest" finished-at="2024-11-05T19:56:02 UTC" depends-on-methods="tests.Amine.tests.FlightReservationTest.flightSelectionTest" duration-ms="1273" status="PASS">
          <reporter-output>
          </reporter-output>
        </test-method> <!-- reservationTest -->
        <test-method is-config="true" signature="tearDown()[pri:0, instance:tests.Amine.tests.FlightReservationTest@7a1a14a4]" started-at="2024-11-05T19:56:02 UTC" name="tearDown" finished-at="2024-11-05T19:56:02 UTC" duration-ms="136" status="PASS">
          <reporter-output>
          </reporter-output>
        </test-method> <!-- tearDown -->
      </class> <!-- tests.Amine.tests.FlightReservationTest -->
    </test> <!-- user-passenger-4 -->
  </suite> <!-- FlightReservationMainSuite -->
</testng-results>
